Using pre-set license
Built from '2021.3/china_unity/release' branch; Version is '2021.3.4f1c1 (64682593795a) revision 6580261'; Using compiler version '192829333'; Build Type 'Release'
OS: 'Windows 10  (10.0.19044) 64bit CoreCountrySpecific' Language: 'zh' Physical Memory: 8039 MB
BatchMode: 1, IsHumanControllingUs: 0, StartBugReporterOnCrash: 0, Is64bit: 1, IsPro: 1

COMMAND LINE ARGUMENTS:
C:\Program Files\Unity\Hub\Editor\2021.3.4f1c1\Editor\Unity.exe
-adb2
-batchMode
-noUpm
-name
AssetImportWorker0
-projectPath
C:/Users/shenx/Documents/shenxujie/unity/DiabloLike/DiabloLike
-logFile
Logs/AssetImportWorker0.log
-srvPort
49197
Successfully changed project path to: C:/Users/shenx/Documents/shenxujie/unity/DiabloLike/DiabloLike
C:/Users/shenx/Documents/shenxujie/unity/DiabloLike/DiabloLike
[UnityMemory] Configuration Parameters - Can be set up in boot.config
    "memorysetup-bucket-allocator-granularity=16"
    "memorysetup-bucket-allocator-bucket-count=8"
    "memorysetup-bucket-allocator-block-size=33554432"
    "memorysetup-bucket-allocator-block-count=8"
    "memorysetup-main-allocator-block-size=16777216"
    "memorysetup-thread-allocator-block-size=16777216"
    "memorysetup-gfx-main-allocator-block-size=16777216"
    "memorysetup-gfx-thread-allocator-block-size=16777216"
    "memorysetup-cache-allocator-block-size=4194304"
    "memorysetup-typetree-allocator-block-size=2097152"
    "memorysetup-profiler-bucket-allocator-granularity=16"
    "memorysetup-profiler-bucket-allocator-bucket-count=8"
    "memorysetup-profiler-bucket-allocator-block-size=33554432"
    "memorysetup-profiler-bucket-allocator-block-count=8"
    "memorysetup-profiler-allocator-block-size=16777216"
    "memorysetup-profiler-editor-allocator-block-size=1048576"
    "memorysetup-temp-allocator-size-main=16777216"
    "memorysetup-job-temp-allocator-block-size=2097152"
    "memorysetup-job-temp-allocator-block-size-background=1048576"
    "memorysetup-job-temp-allocator-reduction-small-platforms=262144"
    "memorysetup-temp-allocator-size-background-worker=32768"
    "memorysetup-temp-allocator-size-job-worker=262144"
    "memorysetup-temp-allocator-size-preload-manager=33554432"
    "memorysetup-temp-allocator-size-nav-mesh-worker=65536"
    "memorysetup-temp-allocator-size-audio-worker=65536"
    "memorysetup-temp-allocator-size-cloud-worker=32768"
    "memorysetup-temp-allocator-size-gi-baking-worker=262144"
    "memorysetup-temp-allocator-size-gfx=262144"
AS: AutoStreaming module initializing.
Refreshing native plugins compatible for Editor in 133.60 ms, found 3 plugins.
Preloading 0 native plugins for Editor in 0.00 ms.
Initialize engine version: 2021.3.4f1c1 (64682593795a)
[Subsystems] Discovering subsystems at path C:/Program Files/Unity/Hub/Editor/2021.3.4f1c1/Editor/Data/Resources/UnitySubsystems
[Subsystems] Discovering subsystems at path C:/Users/shenx/Documents/shenxujie/unity/DiabloLike/DiabloLike/Assets
GfxDevice: creating device client; threaded=0; jobified=0
Direct3D:
    Version:  Direct3D 11.0 [level 11.1]
    Renderer: NVIDIA GeForce MX250 (ID=0x1d13)
    Vendor:   NVIDIA
    VRAM:     1983 MB
    Driver:   30.0.15.1165
Initialize mono
Mono path[0] = 'C:/Program Files/Unity/Hub/Editor/2021.3.4f1c1/Editor/Data/Managed'
Mono path[1] = 'C:/Program Files/Unity/Hub/Editor/2021.3.4f1c1/Editor/Data/MonoBleedingEdge/lib/mono/unityjit-win32'
Mono config path = 'C:/Program Files/Unity/Hub/Editor/2021.3.4f1c1/Editor/Data/MonoBleedingEdge/etc'
Using monoOptions --debugger-agent=transport=dt_socket,embedding=1,server=y,suspend=n,address=127.0.0.1:56200
Begin MonoManager ReloadAssembly
Registering precompiled unity dll's ...
Register platform support module: C:/Program Files/Unity/Hub/Editor/2021.3.4f1c1/Editor/Data/PlaybackEngines/WindowsStandaloneSupport/UnityEditor.WindowsStandalone.Extensions.dll
Registered in 0.013542 seconds.
Native extension for WindowsStandalone target not found
Refreshing native plugins compatible for Editor in 161.57 ms, found 3 plugins.
Preloading 0 native plugins for Editor in 0.00 ms.
Mono: successfully reloaded assembly
- Completed reload, in  1.182 seconds
Domain Reload Profiling:
	ReloadAssembly (1183ms)
		BeginReloadAssembly (198ms)
			ExecutionOrderSort (0ms)
			DisableScriptedObjects (0ms)
			BackupInstance (0ms)
			ReleaseScriptingObjects (0ms)
			CreateAndSetChildDomain (1ms)
		EndReloadAssembly (795ms)
			LoadAssemblies (191ms)
			RebuildTransferFunctionScriptingTraits (0ms)
			SetupTypeCache (183ms)
			ReleaseScriptCaches (0ms)
			RebuildScriptCaches (45ms)
			SetupLoadedEditorAssemblies (462ms)
				LogAssemblyErrors (0ms)
				InitializePlatformSupportModulesInManaged (13ms)
				SetLoadedEditorAssemblies (0ms)
				RefreshPlugins (162ms)
				BeforeProcessingInitializeOnLoad (2ms)
				ProcessInitializeOnLoadAttributes (193ms)
				ProcessInitializeOnLoadMethodAttributes (92ms)
				AfterProcessingInitializeOnLoad (0ms)
				EditorAssembliesLoaded (0ms)
			ExecutionOrderSort2 (0ms)
			AwakeInstancesAfterBackupRestoration (0ms)
Platform modules already initialized, skipping
Registering precompiled user dll's ...
Registered in 0.022152 seconds.
Begin MonoManager ReloadAssembly
Symbol file LoadedFromMemory doesn't match image C:\Users\shenx\Documents\shenxujie\unity\DiabloLike\DiabloLike\Library\PackageCache\com.unity.visualscripting@1.7.8\Editor\VisualScripting.Core\Dependencies\YamlDotNet\Unity.VisualScripting.YamlDotNet.dll
Symbol file LoadedFromMemory doesn't match image C:\Users\shenx\Documents\shenxujie\unity\DiabloLike\DiabloLike\Library\PackageCache\com.unity.visualscripting@1.7.8\Editor\VisualScripting.Core\Dependencies\DotNetZip\Unity.VisualScripting.IonicZip.dll
Native extension for WindowsStandalone target not found
Refreshing native plugins compatible for Editor in 1.82 ms, found 3 plugins.
Preloading 0 native plugins for Editor in 0.00 ms.
Mono: successfully reloaded assembly
- Completed reload, in  2.055 seconds
Domain Reload Profiling:
	ReloadAssembly (2057ms)
		BeginReloadAssembly (202ms)
			ExecutionOrderSort (0ms)
			DisableScriptedObjects (9ms)
			BackupInstance (0ms)
			ReleaseScriptingObjects (0ms)
			CreateAndSetChildDomain (31ms)
		EndReloadAssembly (1611ms)
			LoadAssemblies (276ms)
			RebuildTransferFunctionScriptingTraits (0ms)
			SetupTypeCache (453ms)
			ReleaseScriptCaches (1ms)
			RebuildScriptCaches (84ms)
			SetupLoadedEditorAssemblies (738ms)
				LogAssemblyErrors (0ms)
				InitializePlatformSupportModulesInManaged (9ms)
				SetLoadedEditorAssemblies (1ms)
				RefreshPlugins (2ms)
				BeforeProcessingInitializeOnLoad (188ms)
				ProcessInitializeOnLoadAttributes (461ms)
				ProcessInitializeOnLoadMethodAttributes (60ms)
				AfterProcessingInitializeOnLoad (17ms)
				EditorAssembliesLoaded (0ms)
			ExecutionOrderSort2 (0ms)
			AwakeInstancesAfterBackupRestoration (11ms)
Platform modules already initialized, skipping
========================================================================
Worker process is ready to serve import requests
Launched and connected shader compiler UnityShaderCompiler.exe after 0.06 seconds
Refreshing native plugins compatible for Editor in 1.65 ms, found 3 plugins.
Preloading 0 native plugins for Editor in 0.00 ms.
Unloading 3464 Unused Serialized files (Serialized files now loaded: 0)
Unloading 27 unused Assets / (111.1 KB). Loaded Objects now: 3929.
Memory consumption went from 125.2 MB to 125.1 MB.
Total: 5.229900 ms (FindLiveObjects: 0.381700 ms CreateObjectMapping: 0.356100 ms MarkObjects: 4.259400 ms  DeleteObjects: 0.230900 ms)

AssetImportParameters requested are different than current active one (requested -> active):
  custom:video-decoder-ogg-theora: a1e56fd34408186e4bbccfd4996cb3dc -> 
  custom:container-muxer-webm: aa71ff27fc2769a1b78a27578f13a17b -> 
  custom:container-demuxer-webm: 4f35f7cbe854078d1ac9338744f61a02 -> 
  custom:video-encoder-webm-vp8: eb34c28f22e8b96e1ab97ce403110664 -> 
  custom:audio-encoder-webm-vorbis: bf7c407c2cedff20999df2af8eb42d56 -> 
  custom:framework-win-MediaFoundation: 216162199b28c13a410421893ffa2e32 -> 
  custom:container-demuxer-ogg: 62fdf1f143b41e24485cea50d1cbac27 -> 
  custom:video-decoder-webm-vp8: 9c59270c3fd7afecdb556c50c9e8de78 -> 
  custom:audio-decoder-ogg-vorbis: bf7c407c2cedff20999df2af8eb42d56 -> 
========================================================================
Received Import Request.
  Time since last request: 3017.282139 seconds.
  path: Assets/Scripts/Common/Constant.cs
  artifactKey: Guid(6c4f59ce20bcc524d927956aa7730a20) Importer(815301076,1909f56bfc062723c751e8b465ee728b)
Start importing Assets/Scripts/Common/Constant.cs using Guid(6c4f59ce20bcc524d927956aa7730a20) Importer(815301076,1909f56bfc062723c751e8b465ee728b)  -> (artifact id: '500d38d2a482c75f330a01ae5edab0ad') in 0.020173 seconds 
========================================================================
Received Prepare
Registering precompiled user dll's ...
Registered in 0.016804 seconds.
Begin MonoManager ReloadAssembly
Symbol file LoadedFromMemory doesn't match image C:\Users\shenx\Documents\shenxujie\unity\DiabloLike\DiabloLike\Library\PackageCache\com.unity.visualscripting@1.7.8\Editor\VisualScripting.Core\Dependencies\YamlDotNet\Unity.VisualScripting.YamlDotNet.dll
Symbol file LoadedFromMemory doesn't match image C:\Users\shenx\Documents\shenxujie\unity\DiabloLike\DiabloLike\Library\PackageCache\com.unity.visualscripting@1.7.8\Editor\VisualScripting.Core\Dependencies\DotNetZip\Unity.VisualScripting.IonicZip.dll
Native extension for WindowsStandalone target not found
Refreshing native plugins compatible for Editor in 1.34 ms, found 3 plugins.
Preloading 0 native plugins for Editor in 0.00 ms.
Mono: successfully reloaded assembly
- Completed reload, in  1.668 seconds
Domain Reload Profiling:
	ReloadAssembly (1669ms)
		BeginReloadAssembly (228ms)
			ExecutionOrderSort (0ms)
			DisableScriptedObjects (9ms)
			BackupInstance (0ms)
			ReleaseScriptingObjects (1ms)
			CreateAndSetChildDomain (77ms)
		EndReloadAssembly (1268ms)
			LoadAssemblies (132ms)
			RebuildTransferFunctionScriptingTraits (1ms)
			SetupTypeCache (461ms)
			ReleaseScriptCaches (3ms)
			RebuildScriptCaches (68ms)
			SetupLoadedEditorAssemblies (510ms)
				LogAssemblyErrors (0ms)
				InitializePlatformSupportModulesInManaged (23ms)
				SetLoadedEditorAssemblies (1ms)
				RefreshPlugins (1ms)
				BeforeProcessingInitializeOnLoad (115ms)
				ProcessInitializeOnLoadAttributes (304ms)
				ProcessInitializeOnLoadMethodAttributes (47ms)
				AfterProcessingInitializeOnLoad (18ms)
				EditorAssembliesLoaded (0ms)
			ExecutionOrderSort2 (0ms)
			AwakeInstancesAfterBackupRestoration (11ms)
Platform modules already initialized, skipping
Refreshing native plugins compatible for Editor in 2.44 ms, found 3 plugins.
Preloading 0 native plugins for Editor in 0.00 ms.
Unloading 3440 Unused Serialized files (Serialized files now loaded: 0)
Unloading 20 unused Assets / (78.7 KB). Loaded Objects now: 3932.
Memory consumption went from 123.3 MB to 123.2 MB.
Total: 2.946800 ms (FindLiveObjects: 0.280800 ms CreateObjectMapping: 0.168700 ms MarkObjects: 2.409300 ms  DeleteObjects: 0.086800 ms)

AssetImportParameters requested are different than current active one (requested -> active):
  custom:video-decoder-ogg-theora: a1e56fd34408186e4bbccfd4996cb3dc -> 
  custom:container-muxer-webm: aa71ff27fc2769a1b78a27578f13a17b -> 
  custom:container-demuxer-webm: 4f35f7cbe854078d1ac9338744f61a02 -> 
  custom:video-encoder-webm-vp8: eb34c28f22e8b96e1ab97ce403110664 -> 
  custom:audio-encoder-webm-vorbis: bf7c407c2cedff20999df2af8eb42d56 -> 
  custom:framework-win-MediaFoundation: 216162199b28c13a410421893ffa2e32 -> 
  custom:container-demuxer-ogg: 62fdf1f143b41e24485cea50d1cbac27 -> 
  custom:video-decoder-webm-vp8: 9c59270c3fd7afecdb556c50c9e8de78 -> 
  custom:audio-decoder-ogg-vorbis: bf7c407c2cedff20999df2af8eb42d56 -> 
========================================================================
Received Import Request.
  Time since last request: 342.785471 seconds.
  path: Assets/Scripts/Common/Constant.cs
  artifactKey: Guid(6c4f59ce20bcc524d927956aa7730a20) Importer(815301076,1909f56bfc062723c751e8b465ee728b)
Start importing Assets/Scripts/Common/Constant.cs using Guid(6c4f59ce20bcc524d927956aa7730a20) Importer(815301076,1909f56bfc062723c751e8b465ee728b)  -> (artifact id: 'c8c96ca30b4ec34dd4936bc736f04755') in 0.029942 seconds 
========================================================================
Received Import Request.
  Time since last request: 2.105749 seconds.
  path: Assets/Scripts/Service/ResSvc.cs
  artifactKey: Guid(49b44b77ea2eb9547a08fd13ea638709) Importer(815301076,1909f56bfc062723c751e8b465ee728b)
Start importing Assets/Scripts/Service/ResSvc.cs using Guid(49b44b77ea2eb9547a08fd13ea638709) Importer(815301076,1909f56bfc062723c751e8b465ee728b)  -> (artifact id: '292aa2a73d7699f490a5d63e35c24916') in 0.003445 seconds 
========================================================================
Received Import Request.
  Time since last request: 8.593317 seconds.
  path: Assets/Scripts/System/LoginSys.cs
  artifactKey: Guid(8afb9a93b62e4114f9387c638e18ea33) Importer(815301076,1909f56bfc062723c751e8b465ee728b)
Start importing Assets/Scripts/System/LoginSys.cs using Guid(8afb9a93b62e4114f9387c638e18ea33) Importer(815301076,1909f56bfc062723c751e8b465ee728b)  -> (artifact id: '5d9653a284fc308e6cb84db96ed3ad3f') in 0.003952 seconds 
========================================================================
Received Import Request.
  Time since last request: 1300.769082 seconds.
  path: Assets/Scripts/System/LoginSys.cs
  artifactKey: Guid(8afb9a93b62e4114f9387c638e18ea33) Importer(815301076,1909f56bfc062723c751e8b465ee728b)
Start importing Assets/Scripts/System/LoginSys.cs using Guid(8afb9a93b62e4114f9387c638e18ea33) Importer(815301076,1909f56bfc062723c751e8b465ee728b)  -> (artifact id: '64d09b85431563bc9a77dcff58964b7e') in 0.003442 seconds 
========================================================================
Received Import Request.
  Time since last request: 39.216381 seconds.
  path: Assets/Resources/ResScenes/SceneMainCity.unity
  artifactKey: Guid(daa32a8523ae85649af76b4b75010941) Importer(815301076,1909f56bfc062723c751e8b465ee728b)
Start importing Assets/Resources/ResScenes/SceneMainCity.unity using Guid(daa32a8523ae85649af76b4b75010941) Importer(815301076,1909f56bfc062723c751e8b465ee728b)  -> (artifact id: '9e26c2b2d280015cf1b57b5b53710926') in 0.003793 seconds 
========================================================================
Received Import Request.
  Time since last request: 5.204626 seconds.
  path: Assets/Resources/ResScenes/GameRoot.unity
  artifactKey: Guid(593417926b27a934d95bc4e70d465f5b) Importer(815301076,1909f56bfc062723c751e8b465ee728b)
Start importing Assets/Resources/ResScenes/GameRoot.unity using Guid(593417926b27a934d95bc4e70d465f5b) Importer(815301076,1909f56bfc062723c751e8b465ee728b)  -> (artifact id: '3645bdffe3e2031b50f7d62d63a0197e') in 0.006532 seconds 
========================================================================
Received Import Request.
  Time since last request: 2.446124 seconds.
  path: Assets/Resources/ResScenes/SceneLogin/SceneLogin.unity
  artifactKey: Guid(6094bf8cf8583c7469aa61d5e8937310) Importer(815301076,1909f56bfc062723c751e8b465ee728b)
Start importing Assets/Resources/ResScenes/SceneLogin/SceneLogin.unity using Guid(6094bf8cf8583c7469aa61d5e8937310) Importer(815301076,1909f56bfc062723c751e8b465ee728b)  -> (artifact id: 'f7ba34956f90f639a83455ca980fdfeb') in 0.005755 seconds 
========================================================================
Received Import Request.
  Time since last request: 11.596551 seconds.
  path: Assets/Resources/ResScenes/SceneMainCity
  artifactKey: Guid(2a38682c7912b8242be40349f6d7533a) Importer(815301076,1909f56bfc062723c751e8b465ee728b)
Start importing Assets/Resources/ResScenes/SceneMainCity using Guid(2a38682c7912b8242be40349f6d7533a) Importer(815301076,1909f56bfc062723c751e8b465ee728b)  -> (artifact id: '62eef3a6521146ca6682624cf78d2f9f') in 0.008594 seconds 
